<?xml version="1.0" encoding="UTF-8" standalone="no"?>
<testsuite failures="0" name="cucumber.runtime.formatter.JUnitFormatter" skipped="0" tests="2" time="0.049107">
<testcase classname="Login feature" name="Valid login" time="0.032901">
<system-out><![CDATA[Given OrangHRM logo is displayed............................................skipped
When I enter "Admin" and "admin123".........................................skipped
And I click login button....................................................skipped
Then Login is successful....................................................skipped
]]></system-out>
</testcase>
<testcase classname="Login feature" name="Invalid login" time="0.016206">
<system-out><![CDATA[Given OrangHRM logo is displayed............................................skipped
Given I enter "waqem" and "hello123"........................................skipped
And I click login button....................................................skipped
Then I see error message "Invalid credentials"..............................skipped
]]></system-out>
</testcase>
</testsuite>
