<?xml version="1.0" encoding="UTF-8" standalone="no"?>
<testsuite failures="0" name="cucumber.runtime.formatter.JUnitFormatter" skipped="0" tests="2" time="0.031969">
<testcase classname="Employees" name="Add Employee" time="0.023295">
<system-out><![CDATA[Given I have logged into OrangeHRM..........................................skipped
And I navigated to the Add Employee Page....................................skipped
When I provide "waqem" and "u" and "haq"....................................skipped
Then I successfully added an employee.......................................skipped
]]></system-out>
</testcase>
<testcase classname="Employees" name="Add Employee 2" time="0.008674">
<system-out><![CDATA[Given I have logged into OrangeHRM..........................................skipped
And I navigated to the Add Employee Page....................................skipped
When I provide "joe" and "joe" and "star"...................................skipped
Then I successfully added an employee.......................................skipped
]]></system-out>
</testcase>
</testsuite>
